<?xml version="1.0" encoding="UTF-8"?>
<!-- Generated by org.testng.reporters.JUnitXMLReporter -->
<testsuite ignored="0" hostname="Nitro5" failures="7" tests="10" name="Test" time="36.602" errors="0" timestamp="2025-09-09T10:08:30 IST">
  <testcase classname="testscript.HomeTest" name="verifyLogout" time="2.03">
    <failure type="java.lang.NullPointerException" message="Cannot invoke &amp;quot;org.openqa.selenium.WebElement.click()&amp;quot; because &amp;quot;this.adminIcon&amp;quot; is null">
      <![CDATA[java.lang.NullPointerException: Cannot invoke "org.openqa.selenium.WebElement.click()" because "this.adminIcon" is null
at Pages.HomePage.clickAdminIcon(HomePage.java:19)
at testscript.HomeTest.verifyLogout(HomeTest.java:24)
at java.base/java.util.ArrayList.forEach(ArrayList.java:1596)
... Removed 25 stack frames]]>
    </failure>
  </testcase> <!-- verifyLogout -->
  <testcase classname="testscript.ManageNewsTest" name="verifyAddNews" time="0.585">
    <failure type="java.lang.NullPointerException" message="Cannot invoke &amp;quot;org.openqa.selenium.WebElement.click()&amp;quot; because &amp;quot;this.managenewstile&amp;quot; is null">
      <![CDATA[java.lang.NullPointerException: Cannot invoke "org.openqa.selenium.WebElement.click()" because "this.managenewstile" is null
at Pages.ManageNewsPage.clickManageNewsTile(ManageNewsPage.java:19)
at testscript.ManageNewsTest.verifyAddNews(ManageNewsTest.java:25)
at java.base/java.util.ArrayList.forEach(ArrayList.java:1596)
... Removed 25 stack frames]]>
    </failure>
  </testcase> <!-- verifyAddNews -->
  <testcase classname="testscript.ManageNewsTest" name="verifyHome" time="0.738">
    <failure type="java.lang.NullPointerException" message="Cannot invoke &amp;quot;org.openqa.selenium.WebElement.click()&amp;quot; because &amp;quot;this.managenewstile&amp;quot; is null">
      <![CDATA[java.lang.NullPointerException: Cannot invoke "org.openqa.selenium.WebElement.click()" because "this.managenewstile" is null
at Pages.ManageNewsPage.clickManageNewsTile(ManageNewsPage.java:19)
at testscript.ManageNewsTest.verifyHome(ManageNewsTest.java:43)
at java.base/java.util.ArrayList.forEach(ArrayList.java:1596)
... Removed 25 stack frames]]>
    </failure>
  </testcase> <!-- verifyHome -->
  <testcase classname="testscript.ManageNewsTest" name="verifySearchAndReset" time="0.586">
    <failure type="java.lang.NullPointerException" message="Cannot invoke &amp;quot;org.openqa.selenium.WebElement.click()&amp;quot; because &amp;quot;this.managenewstile&amp;quot; is null">
      <![CDATA[java.lang.NullPointerException: Cannot invoke "org.openqa.selenium.WebElement.click()" because "this.managenewstile" is null
at Pages.ManageNewsPage.clickManageNewsTile(ManageNewsPage.java:19)
at testscript.ManageNewsTest.verifySearchAndReset(ManageNewsTest.java:78)
at java.base/java.util.ArrayList.forEach(ArrayList.java:1596)
... Removed 25 stack frames]]>
    </failure>
  </testcase> <!-- verifySearchAndReset -->
  <testcase classname="testscript.ManageNewsTest" name="verifySearchAndSearch" time="0.754">
    <failure type="java.lang.NullPointerException" message="Cannot invoke &amp;quot;org.openqa.selenium.WebElement.click()&amp;quot; because &amp;quot;this.managenewstile&amp;quot; is null">
      <![CDATA[java.lang.NullPointerException: Cannot invoke "org.openqa.selenium.WebElement.click()" because "this.managenewstile" is null
at Pages.ManageNewsPage.clickManageNewsTile(ManageNewsPage.java:19)
at testscript.ManageNewsTest.verifySearchAndSearch(ManageNewsTest.java:58)
at java.base/java.util.ArrayList.forEach(ArrayList.java:1596)
... Removed 25 stack frames]]>
    </failure>
  </testcase> <!-- verifySearchAndSearch -->
  <testcase classname="testscript.AdminTest" name="verifyAddUser" time="1.128">
    <failure type="java.lang.NullPointerException" message="Cannot invoke &amp;quot;org.openqa.selenium.WebElement.click()&amp;quot; because &amp;quot;this.adminmoreinfo&amp;quot; is null">
      <![CDATA[java.lang.NullPointerException: Cannot invoke "org.openqa.selenium.WebElement.click()" because "this.adminmoreinfo" is null
at Pages.AdminPage.clickAdminMoreifo(AdminPage.java:20)
at testscript.AdminTest.verifyAddUser(AdminTest.java:27)
at java.base/java.util.ArrayList.forEach(ArrayList.java:1596)
... Removed 25 stack frames]]>
    </failure>
  </testcase> <!-- verifyAddUser -->
  <testcase classname="testscript.LoginTest" name="verifyLoginWithValidCredentials" time="1.067">
    <failure type="java.lang.AssertionError" message="Login is not sucessfull expected [https://groceryapp.uniqassosiates.com/admin/login] but found [https://groceryapp.uniqassosiates.com/admin]">
      <![CDATA[java.lang.AssertionError: Login is not sucessfull expected [https://groceryapp.uniqassosiates.com/admin/login] but found [https://groceryapp.uniqassosiates.com/admin]
at testscript.LoginTest.verifyLoginWithValidCredentials(LoginTest.java:29)
at java.base/java.util.ArrayList.forEach(ArrayList.java:1596)
... Removed 30 stack frames]]>
    </failure>
  </testcase> <!-- verifyLoginWithValidCredentials -->
  <testcase classname="testscript.LoginTest" name="verifyLoginWithValidUsernameInvalidpassword" time="0.81"/>
  <testcase classname="testscript.LoginTest" name="verifyLoginWithInvalidUsernameValidpassword" time="0.793"/>
  <testcase classname="testscript.LoginTest" name="verifyLoginWithInvalidUsernameInvalidpassword" time="0.762"/>
</testsuite> <!-- Test -->
